This file contains any messages produced by compilers while
running configure, to aid debugging if configure makes a mistake.

It was created by libbson configure 0.6.9, which was
generated by GNU Autoconf 2.69.  Invocation command line was

  $ ./configure 

## --------- ##
## Platform. ##
## --------- ##

hostname = woopengcheng
uname -m = i686
uname -r = 1.7.20(0.266/5/3)
uname -s = CYGWIN_NT-6.2-WOW64
uname -v = 2013-06-07 11:11

/usr/bin/uname -p = unknown
/bin/uname -X     = unknown

/bin/arch              = i686
/usr/bin/arch -k       = unknown
/usr/convex/getsysinfo = unknown
/usr/bin/hostinfo      = unknown
/bin/machine           = unknown
/usr/bin/oslevel       = unknown
/bin/universe          = unknown

PATH: /usr/local/bin
PATH: /usr/bin
PATH: /cygdrive/c/WINDOWS/system32
PATH: /cygdrive/c/WINDOWS
PATH: /cygdrive/c/WINDOWS/System32/Wbem
PATH: /cygdrive/c/WINDOWS/System32/WindowsPowerShell/v1.0
PATH: /cygdrive/d/Program Files (x86)/TortoiseSVN/bin
PATH: /cygdrive/d/Program Files (x86)/VisualSVN/bin
PATH: /cygdrive/d/Program Files (x86)/Xoreax/IncrediBuild


## ----------- ##
## Core tests. ##
## ----------- ##

configure:2496: checking for gcc
configure:2512: found /usr/bin/gcc
configure:2523: result: gcc
configure:2752: checking for C compiler version
configure:2761: gcc --version >&5
gcc (GCC) 4.5.3
Copyright (C) 2010 Free Software Foundation, Inc.
This is free software; see the source for copying conditions.  There is NO
warranty; not even for MERCHANTABILITY or FITNESS FOR A PARTICULAR PURPOSE.

configure:2772: $? = 0
configure:2761: gcc -v >&5
Using built-in specs.
COLLECT_GCC=gcc
COLLECT_LTO_WRAPPER=/usr/lib/gcc/i686-pc-cygwin/4.5.3/lto-wrapper.exe
Target: i686-pc-cygwin
Configured with: /gnu/gcc/releases/respins/4.5.3-3/gcc4-4.5.3-3/src/gcc-4.5.3/configure --srcdir=/gnu/gcc/releases/respins/4.5.3-3/gcc4-4.5.3-3/src/gcc-4.5.3 --prefix=/usr --exec-prefix=/usr --bindir=/usr/bin --sbindir=/usr/sbin --libexecdir=/usr/lib --datadir=/usr/share --localstatedir=/var --sysconfdir=/etc --datarootdir=/usr/share --docdir=/usr/share/doc/gcc4 -C --datadir=/usr/share --infodir=/usr/share/info --mandir=/usr/share/man -v --with-gmp=/usr --with-mpfr=/usr --enable-bootstrap --enable-version-specific-runtime-libs --libexecdir=/usr/lib --enable-static --enable-shared --enable-shared-libgcc --disable-__cxa_atexit --with-gnu-ld --with-gnu-as --with-dwarf2 --disable-sjlj-exceptions --enable-languages=ada,c,c++,fortran,java,lto,objc,obj-c++ --enable-graphite --enable-lto --enable-java-awt=gtk --disable-symvers --enable-libjava --program-suffix=-4 --enable-libgomp --enable-libssp --enable-libada --enable-threads=posix --with-arch=i686 --with-tune=generic --enable-libgcj-sublibs CC=gcc-4 CXX=g++-4 CC_FOR_TARGET=gcc-4 CXX_FOR_TARGET=g++-4 GNATMAKE_FOR_TARGET=gnatmake GNATBIND_FOR_TARGET=gnatbind --with-ecj-jar=/usr/share/java/ecj.jar
Thread model: posix
gcc version 4.5.3 (GCC) 
configure:2772: $? = 0
configure:2761: gcc -V >&5
gcc: '-V' option must have argument
configure:2772: $? = 1
configure:2761: gcc -qversion >&5
gcc: unrecognized option '-qversion'
gcc: no input files
configure:2772: $? = 1
configure:2792: checking whether the C compiler works
configure:2814: gcc    conftest.c  >&5
configure:2818: $? = 0
configure:2866: result: yes
configure:2869: checking for C compiler default output file name
configure:2871: result: a.exe
configure:2877: checking for suffix of executables
configure:2884: gcc -o conftest.exe    conftest.c  >&5
configure:2888: $? = 0
configure:2910: result: .exe
configure:2932: checking whether we are cross compiling
configure:2940: gcc -o conftest.exe    conftest.c  >&5
configure:2944: $? = 0
configure:2951: ./conftest.exe
configure:2955: $? = 0
configure:2970: result: no
configure:2975: checking for suffix of object files
configure:2997: gcc -c   conftest.c >&5
configure:3001: $? = 0
configure:3022: result: o
configure:3026: checking whether we are using the GNU C compiler
configure:3045: gcc -c   conftest.c >&5
configure:3045: $? = 0
configure:3054: result: yes
configure:3063: checking whether gcc accepts -g
configure:3083: gcc -c -g  conftest.c >&5
configure:3083: $? = 0
configure:3124: result: yes
configure:3141: checking for gcc option to accept ISO C89
configure:3204: gcc  -c   conftest.c >&5
configure:3204: $? = 0
configure:3217: result: none needed
configure:3295: checking for g++
configure:3311: found /usr/bin/g++
configure:3322: result: g++
configure:3349: checking for C++ compiler version
configure:3358: g++ --version >&5
g++ (GCC) 4.5.3
Copyright (C) 2010 Free Software Foundation, Inc.
This is free software; see the source for copying conditions.  There is NO
warranty; not even for MERCHANTABILITY or FITNESS FOR A PARTICULAR PURPOSE.

configure:3369: $? = 0
configure:3358: g++ -v >&5
Using built-in specs.
COLLECT_GCC=g++
COLLECT_LTO_WRAPPER=/usr/lib/gcc/i686-pc-cygwin/4.5.3/lto-wrapper.exe
Target: i686-pc-cygwin
Configured with: /gnu/gcc/releases/respins/4.5.3-3/gcc4-4.5.3-3/src/gcc-4.5.3/configure --srcdir=/gnu/gcc/releases/respins/4.5.3-3/gcc4-4.5.3-3/src/gcc-4.5.3 --prefix=/usr --exec-prefix=/usr --bindir=/usr/bin --sbindir=/usr/sbin --libexecdir=/usr/lib --datadir=/usr/share --localstatedir=/var --sysconfdir=/etc --datarootdir=/usr/share --docdir=/usr/share/doc/gcc4 -C --datadir=/usr/share --infodir=/usr/share/info --mandir=/usr/share/man -v --with-gmp=/usr --with-mpfr=/usr --enable-bootstrap --enable-version-specific-runtime-libs --libexecdir=/usr/lib --enable-static --enable-shared --enable-shared-libgcc --disable-__cxa_atexit --with-gnu-ld --with-gnu-as --with-dwarf2 --disable-sjlj-exceptions --enable-languages=ada,c,c++,fortran,java,lto,objc,obj-c++ --enable-graphite --enable-lto --enable-java-awt=gtk --disable-symvers --enable-libjava --program-suffix=-4 --enable-libgomp --enable-libssp --enable-libada --enable-threads=posix --with-arch=i686 --with-tune=generic --enable-libgcj-sublibs CC=gcc-4 CXX=g++-4 CC_FOR_TARGET=gcc-4 CXX_FOR_TARGET=g++-4 GNATMAKE_FOR_TARGET=gnatmake GNATBIND_FOR_TARGET=gnatbind --with-ecj-jar=/usr/share/java/ecj.jar
Thread model: posix
gcc version 4.5.3 (GCC) 
configure:3369: $? = 0
configure:3358: g++ -V >&5
g++: '-V' option must have argument
configure:3369: $? = 1
configure:3358: g++ -qversion >&5
g++: unrecognized option '-qversion'
g++: no input files
configure:3369: $? = 1
configure:3373: checking whether we are using the GNU C++ compiler
configure:3392: g++ -c   conftest.cpp >&5
configure:3392: $? = 0
configure:3401: result: yes
configure:3410: checking whether g++ accepts -g
configure:3430: g++ -c -g  conftest.cpp >&5
configure:3430: $? = 0
configure:3471: result: yes
configure:3519: gcc -c   conftest.c >&5
configure:3519: $? = 0
configure:3538: gcc -c   conftest.c >&5
conftest.c:11:2: error: #error Not a supported Clang compiler
configure:3538: $? = 1
configure: failed program was:
| /* confdefs.h */
| #define PACKAGE_NAME "libbson"
| #define PACKAGE_TARNAME "libbson"
| #define PACKAGE_VERSION "0.6.9"
| #define PACKAGE_STRING "libbson 0.6.9"
| #define PACKAGE_BUGREPORT "https://github.com/mongodb/libbson/issues"
| #define PACKAGE_URL ""
| /* end confdefs.h.  */
| 
| #if !(defined(__clang__) && (__clang_major__ > 3 || (__clang_major__ == 3 && __clang_minor__ >= 3)))
| #error Not a supported Clang compiler
| #endif
| 
| int
| main ()
| {
| 
|   ;
|   return 0;
| }
configure:3557: gcc -c   conftest.c >&5
conftest.c:11:2: error: #error Not a supported Sun compiler
configure:3557: $? = 1
configure: failed program was:
| /* confdefs.h */
| #define PACKAGE_NAME "libbson"
| #define PACKAGE_TARNAME "libbson"
| #define PACKAGE_VERSION "0.6.9"
| #define PACKAGE_STRING "libbson 0.6.9"
| #define PACKAGE_BUGREPORT "https://github.com/mongodb/libbson/issues"
| #define PACKAGE_URL ""
| /* end confdefs.h.  */
| 
| #if !(defined(__SUNPRO_C))
| #error Not a supported Sun compiler
| #endif
| 
| int
| main ()
| {
| 
|   ;
|   return 0;
| }
configure:3590: gcc -c   conftest.c >&5
conftest.c:12:2: error: #error not glibc
configure:3590: $? = 1
configure: failed program was:
| /* confdefs.h */
| #define PACKAGE_NAME "libbson"
| #define PACKAGE_TARNAME "libbson"
| #define PACKAGE_VERSION "0.6.9"
| #define PACKAGE_STRING "libbson 0.6.9"
| #define PACKAGE_BUGREPORT "https://github.com/mongodb/libbson/issues"
| #define PACKAGE_URL ""
| /* end confdefs.h.  */
| 
| #include <features.h>
| #ifndef __GLIBC__
| #error not glibc
| #endif
| 
| int
| main ()
| {
| 
|   ;
|   return 0;
| }
configure:3598: checking for an ANSI C-conforming const
configure:3664: gcc -c   conftest.c >&5
configure:3664: $? = 0
configure:3671: result: yes
configure:3679: checking for inline
configure:3695: gcc -c   conftest.c >&5
configure:3695: $? = 0
configure:3703: result: inline
configure:3722: checking for typeof syntax and keyword spelling
configure:3753: gcc -c   conftest.c >&5
configure:3753: $? = 0
configure:3760: result: typeof
configure:3781: checking how to run the C preprocessor
configure:3812: gcc -E  conftest.c
configure:3812: $? = 0
configure:3826: gcc -E  conftest.c
conftest.c:10:28: fatal error: ac_nonexistent.h: No such file or directory
compilation terminated.
configure:3826: $? = 1
configure: failed program was:
| /* confdefs.h */
| #define PACKAGE_NAME "libbson"
| #define PACKAGE_TARNAME "libbson"
| #define PACKAGE_VERSION "0.6.9"
| #define PACKAGE_STRING "libbson 0.6.9"
| #define PACKAGE_BUGREPORT "https://github.com/mongodb/libbson/issues"
| #define PACKAGE_URL ""
| #define HAVE_TYPEOF 1
| /* end confdefs.h.  */
| #include <ac_nonexistent.h>
configure:3851: result: gcc -E
configure:3871: gcc -E  conftest.c
configure:3871: $? = 0
configure:3885: gcc -E  conftest.c
conftest.c:10:28: fatal error: ac_nonexistent.h: No such file or directory
compilation terminated.
configure:3885: $? = 1
configure: failed program was:
| /* confdefs.h */
| #define PACKAGE_NAME "libbson"
| #define PACKAGE_TARNAME "libbson"
| #define PACKAGE_VERSION "0.6.9"
| #define PACKAGE_STRING "libbson 0.6.9"
| #define PACKAGE_BUGREPORT "https://github.com/mongodb/libbson/issues"
| #define PACKAGE_URL ""
| #define HAVE_TYPEOF 1
| /* end confdefs.h.  */
| #include <ac_nonexistent.h>
configure:3914: checking for grep that handles long lines and -e
configure:3972: result: /usr/bin/grep
configure:3977: checking for egrep
configure:4039: result: /usr/bin/grep -E
configure:4044: checking for ANSI C header files
configure:4064: gcc -c   conftest.c >&5
configure:4064: $? = 0
configure:4137: gcc -o conftest.exe    conftest.c  >&5
configure:4137: $? = 0
configure:4137: ./conftest.exe
configure:4137: $? = 0
configure:4148: result: yes
configure:4161: checking for sys/types.h
configure:4161: gcc -c   conftest.c >&5
configure:4161: $? = 0
configure:4161: result: yes
configure:4161: checking for sys/stat.h
configure:4161: gcc -c   conftest.c >&5
configure:4161: $? = 0
configure:4161: result: yes
configure:4161: checking for stdlib.h
configure:4161: gcc -c   conftest.c >&5
configure:4161: $? = 0
configure:4161: result: yes
configure:4161: checking for string.h
configure:4161: gcc -c   conftest.c >&5
configure:4161: $? = 0
configure:4161: result: yes
configure:4161: checking for memory.h
configure:4161: gcc -c   conftest.c >&5
configure:4161: $? = 0
configure:4161: result: yes
configure:4161: checking for strings.h
configure:4161: gcc -c   conftest.c >&5
configure:4161: $? = 0
configure:4161: result: yes
configure:4161: checking for inttypes.h
configure:4161: gcc -c   conftest.c >&5
configure:4161: $? = 0
configure:4161: result: yes
configure:4161: checking for stdint.h
configure:4161: gcc -c   conftest.c >&5
configure:4161: $? = 0
configure:4161: result: yes
configure:4161: checking for unistd.h
configure:4161: gcc -c   conftest.c >&5
configure:4161: $? = 0
configure:4161: result: yes
configure:4173: checking for stdbool.h that conforms to C99
configure:4240: gcc -c   conftest.c >&5
configure:4240: $? = 0
configure:4247: result: yes
configure:4249: checking for _Bool
configure:4249: gcc -c   conftest.c >&5
configure:4249: $? = 0
configure:4249: gcc -c   conftest.c >&5
conftest.c: In function 'main':
conftest.c:56:20: error: expected expression before ')' token
configure:4249: $? = 1
configure: failed program was:
| /* confdefs.h */
| #define PACKAGE_NAME "libbson"
| #define PACKAGE_TARNAME "libbson"
| #define PACKAGE_VERSION "0.6.9"
| #define PACKAGE_STRING "libbson 0.6.9"
| #define PACKAGE_BUGREPORT "https://github.com/mongodb/libbson/issues"
| #define PACKAGE_URL ""
| #define HAVE_TYPEOF 1
| #define STDC_HEADERS 1
| #define HAVE_SYS_TYPES_H 1
| #define HAVE_SYS_STAT_H 1
| #define HAVE_STDLIB_H 1
| #define HAVE_STRING_H 1
| #define HAVE_MEMORY_H 1
| #define HAVE_STRINGS_H 1
| #define HAVE_INTTYPES_H 1
| #define HAVE_STDINT_H 1
| #define HAVE_UNISTD_H 1
| /* end confdefs.h.  */
| #include <stdio.h>
| #ifdef HAVE_SYS_TYPES_H
| # include <sys/types.h>
| #endif
| #ifdef HAVE_SYS_STAT_H
| # include <sys/stat.h>
| #endif
| #ifdef STDC_HEADERS
| # include <stdlib.h>
| # include <stddef.h>
| #else
| # ifdef HAVE_STDLIB_H
| #  include <stdlib.h>
| # endif
| #endif
| #ifdef HAVE_STRING_H
| # if !defined STDC_HEADERS && defined HAVE_MEMORY_H
| #  include <memory.h>
| # endif
| # include <string.h>
| #endif
| #ifdef HAVE_STRINGS_H
| # include <strings.h>
| #endif
| #ifdef HAVE_INTTYPES_H
| # include <inttypes.h>
| #endif
| #ifdef HAVE_STDINT_H
| # include <stdint.h>
| #endif
| #ifdef HAVE_UNISTD_H
| # include <unistd.h>
| #endif
| int
| main ()
| {
| if (sizeof ((_Bool)))
| 	    return 0;
|   ;
|   return 0;
| }
configure:4249: result: yes
configure:4274: checking for stdint-types....
configure:4284: result: "(putting them into src/bson/bson-stdint.h)"
configure:4298: checking for uintptr_t
configure:4298: gcc -c   conftest.c >&5
configure:4298: $? = 0
configure:4298: gcc -c   conftest.c >&5
conftest.c: In function 'main':
conftest.c:27:24: error: expected expression before ')' token
configure:4298: $? = 1
configure: failed program was:
| /* confdefs.h */
| #define PACKAGE_NAME "libbson"
| #define PACKAGE_TARNAME "libbson"
| #define PACKAGE_VERSION "0.6.9"
| #define PACKAGE_STRING "libbson 0.6.9"
| #define PACKAGE_BUGREPORT "https://github.com/mongodb/libbson/issues"
| #define PACKAGE_URL ""
| #define HAVE_TYPEOF 1
| #define STDC_HEADERS 1
| #define HAVE_SYS_TYPES_H 1
| #define HAVE_SYS_STAT_H 1
| #define HAVE_STDLIB_H 1
| #define HAVE_STRING_H 1
| #define HAVE_MEMORY_H 1
| #define HAVE_STRINGS_H 1
| #define HAVE_INTTYPES_H 1
| #define HAVE_STDINT_H 1
| #define HAVE_UNISTD_H 1
| #define HAVE__BOOL 1
| #define HAVE_STDBOOL_H 1
| /* end confdefs.h.  */
| #include <stdint.h>
| 
| int
| main ()
| {
| if (sizeof ((uintptr_t)))
| 	    return 0;
|   ;
|   return 0;
| }
configure:4298: result: yes
configure:4306: checking for uint64_t
configure:4306: gcc -c   conftest.c >&5
configure:4306: $? = 0
configure:4306: gcc -c   conftest.c >&5
conftest.c: In function 'main':
conftest.c:27:23: error: expected expression before ')' token
configure:4306: $? = 1
configure: failed program was:
| /* confdefs.h */
| #define PACKAGE_NAME "libbson"
| #define PACKAGE_TARNAME "libbson"
| #define PACKAGE_VERSION "0.6.9"
| #define PACKAGE_STRING "libbson 0.6.9"
| #define PACKAGE_BUGREPORT "https://github.com/mongodb/libbson/issues"
| #define PACKAGE_URL ""
| #define HAVE_TYPEOF 1
| #define STDC_HEADERS 1
| #define HAVE_SYS_TYPES_H 1
| #define HAVE_SYS_STAT_H 1
| #define HAVE_STDLIB_H 1
| #define HAVE_STRING_H 1
| #define HAVE_MEMORY_H 1
| #define HAVE_STRINGS_H 1
| #define HAVE_INTTYPES_H 1
| #define HAVE_STDINT_H 1
| #define HAVE_UNISTD_H 1
| #define HAVE__BOOL 1
| #define HAVE_STDBOOL_H 1
| /* end confdefs.h.  */
| #include<stdint.h>
| 
| int
| main ()
| {
| if (sizeof ((uint64_t)))
| 	    return 0;
|   ;
|   return 0;
| }
configure:4306: result: yes
configure:4314: result: ... seen our uintptr_t in stdint.h (uint64_t too)
configure:4579: result: creating src/bson/bson-stdint.h : _SRC_BSON_BSON_STDINT_H
configure:4606: checking for int_least32_t
configure:4606: gcc -c   conftest.c >&5
configure:4606: $? = 0
configure:4606: gcc -c   conftest.c >&5
conftest.c: In function 'main':
conftest.c:27:28: error: expected expression before ')' token
configure:4606: $? = 1
configure: failed program was:
| /* confdefs.h */
| #define PACKAGE_NAME "libbson"
| #define PACKAGE_TARNAME "libbson"
| #define PACKAGE_VERSION "0.6.9"
| #define PACKAGE_STRING "libbson 0.6.9"
| #define PACKAGE_BUGREPORT "https://github.com/mongodb/libbson/issues"
| #define PACKAGE_URL ""
| #define HAVE_TYPEOF 1
| #define STDC_HEADERS 1
| #define HAVE_SYS_TYPES_H 1
| #define HAVE_SYS_STAT_H 1
| #define HAVE_STDLIB_H 1
| #define HAVE_STRING_H 1
| #define HAVE_MEMORY_H 1
| #define HAVE_STRINGS_H 1
| #define HAVE_INTTYPES_H 1
| #define HAVE_STDINT_H 1
| #define HAVE_UNISTD_H 1
| #define HAVE__BOOL 1
| #define HAVE_STDBOOL_H 1
| /* end confdefs.h.  */
| #include <stdint.h>
| 
| int
| main ()
| {
| if (sizeof ((int_least32_t)))
| 	    return 0;
|   ;
|   return 0;
| }
configure:4606: result: yes
configure:4612: checking for int_fast32_t
configure:4612: gcc -c   conftest.c >&5
configure:4612: $? = 0
configure:4612: gcc -c   conftest.c >&5
conftest.c: In function 'main':
conftest.c:27:27: error: expected expression before ')' token
configure:4612: $? = 1
configure: failed program was:
| /* confdefs.h */
| #define PACKAGE_NAME "libbson"
| #define PACKAGE_TARNAME "libbson"
| #define PACKAGE_VERSION "0.6.9"
| #define PACKAGE_STRING "libbson 0.6.9"
| #define PACKAGE_BUGREPORT "https://github.com/mongodb/libbson/issues"
| #define PACKAGE_URL ""
| #define HAVE_TYPEOF 1
| #define STDC_HEADERS 1
| #define HAVE_SYS_TYPES_H 1
| #define HAVE_SYS_STAT_H 1
| #define HAVE_STDLIB_H 1
| #define HAVE_STRING_H 1
| #define HAVE_MEMORY_H 1
| #define HAVE_STRINGS_H 1
| #define HAVE_INTTYPES_H 1
| #define HAVE_STDINT_H 1
| #define HAVE_UNISTD_H 1
| #define HAVE__BOOL 1
| #define HAVE_STDBOOL_H 1
| /* end confdefs.h.  */
| #include<stdint.h>
| 
| int
| main ()
| {
| if (sizeof ((int_fast32_t)))
| 	    return 0;
|   ;
|   return 0;
| }
configure:4612: result: yes
configure:4625: result: ..adding include stdint.h
configure:4635: result: ... seen good stdint.h inttypes
configure:4771: result: ... seen good uint64_t
configure:4991: result: ... DONE src/bson/bson-stdint.h
configure:5003: checking for perl
configure:5021: found /usr/bin/perl
configure:5033: result: /usr/bin/perl
configure:5047: checking for mv
configure:5065: found /usr/bin/mv
configure:5077: result: /usr/bin/mv
configure:5091: checking for grep
configure:5121: result: /usr/bin/grep
configure:5147: checking for a BSD-compatible install
configure:5215: result: /usr/bin/install -c
configure:5230: checking for xmlto
configure:5263: result: no
configure:5271: checking for asciidoc
configure:5304: result: no
configure:5329: checking for asciidoc
configure:5357: result: no
configure:5367: checking for xmlto
configure:5395: result: no
configure:5408: WARNING: You are building an unreleased version of Mongoc and asciidoc or xmlto are not installed.
configure:5410: WARNING: Documentation will not be built and manual pages will not be installed.
configure:5421: checking whether to build documentation
configure:5423: result: no
configure:5426: checking whether to install manpages
configure:5428: result: no
configure:5453: checking build system type
configure:5467: result: i686-pc-cygwin
configure:5487: checking host system type
configure:5500: result: i686-pc-cygwin
configure:5566: checking target system type
configure:5579: result: i686-pc-cygwin
configure:5638: checking whether byte ordering is bigendian
configure:5653: gcc -c   conftest.c >&5
conftest.c:23:13: error: expected '=', ',', ';', 'asm' or '__attribute__' before 'a'
configure:5653: $? = 1
configure: failed program was:
| /* confdefs.h */
| #define PACKAGE_NAME "libbson"
| #define PACKAGE_TARNAME "libbson"
| #define PACKAGE_VERSION "0.6.9"
| #define PACKAGE_STRING "libbson 0.6.9"
| #define PACKAGE_BUGREPORT "https://github.com/mongodb/libbson/issues"
| #define PACKAGE_URL ""
| #define HAVE_TYPEOF 1
| #define STDC_HEADERS 1
| #define HAVE_SYS_TYPES_H 1
| #define HAVE_SYS_STAT_H 1
| #define HAVE_STDLIB_H 1
| #define HAVE_STRING_H 1
| #define HAVE_MEMORY_H 1
| #define HAVE_STRINGS_H 1
| #define HAVE_INTTYPES_H 1
| #define HAVE_STDINT_H 1
| #define HAVE_UNISTD_H 1
| #define HAVE__BOOL 1
| #define HAVE_STDBOOL_H 1
| /* end confdefs.h.  */
| #ifndef __APPLE_CC__
| 	       not a universal capable compiler
| 	     #endif
| 	     typedef int dummy;
| 
configure:5698: gcc -c   conftest.c >&5
configure:5698: $? = 0
configure:5716: gcc -c   conftest.c >&5
conftest.c: In function 'main':
conftest.c:29:4: error: 'not' undeclared (first use in this function)
conftest.c:29:4: note: each undeclared identifier is reported only once for each function it appears in
conftest.c:29:8: error: expected ';' before 'big'
configure:5716: $? = 1
configure: failed program was:
| /* confdefs.h */
| #define PACKAGE_NAME "libbson"
| #define PACKAGE_TARNAME "libbson"
| #define PACKAGE_VERSION "0.6.9"
| #define PACKAGE_STRING "libbson 0.6.9"
| #define PACKAGE_BUGREPORT "https://github.com/mongodb/libbson/issues"
| #define PACKAGE_URL ""
| #define HAVE_TYPEOF 1
| #define STDC_HEADERS 1
| #define HAVE_SYS_TYPES_H 1
| #define HAVE_SYS_STAT_H 1
| #define HAVE_STDLIB_H 1
| #define HAVE_STRING_H 1
| #define HAVE_MEMORY_H 1
| #define HAVE_STRINGS_H 1
| #define HAVE_INTTYPES_H 1
| #define HAVE_STDINT_H 1
| #define HAVE_UNISTD_H 1
| #define HAVE__BOOL 1
| #define HAVE_STDBOOL_H 1
| /* end confdefs.h.  */
| #include <sys/types.h>
| 		#include <sys/param.h>
| 
| int
| main ()
| {
| #if BYTE_ORDER != BIG_ENDIAN
| 		 not big endian
| 		#endif
| 
|   ;
|   return 0;
| }
configure:5844: result: no
configure:5951: checking for as
configure:5967: found /usr/bin/as
configure:5978: result: as
configure:6043: checking for dlltool
configure:6059: found /usr/bin/dlltool
configure:6070: result: dlltool
configure:6135: checking for objdump
configure:6151: found /usr/bin/objdump
configure:6162: result: objdump
configure:6253: checking how to print strings
configure:6280: result: printf
configure:6301: checking for a sed that does not truncate output
configure:6365: result: /usr/bin/sed
configure:6383: checking for fgrep
configure:6445: result: /usr/bin/grep -F
configure:6480: checking for ld used by gcc
configure:6547: result: /usr/i686-pc-cygwin/bin/ld.exe
configure:6554: checking if the linker (/usr/i686-pc-cygwin/bin/ld.exe) is GNU ld
configure:6569: result: yes
configure:6581: checking for BSD- or MS-compatible name lister (nm)
configure:6630: result: /usr/bin/nm -B
configure:6760: checking the name lister (/usr/bin/nm -B) interface
configure:6767: gcc -c   conftest.c >&5
configure:6770: /usr/bin/nm -B "conftest.o"
configure:6773: output
00000000 b .bss
00000000 d .data
00000000 t .text
00000000 B _some_variable
configure:6780: result: BSD nm
configure:6783: checking whether ln -s works
configure:6787: result: yes
configure:6795: checking the maximum length of command line arguments
configure:6925: result: 8192
configure:6942: checking whether the shell understands some XSI constructs
configure:6952: result: yes
configure:6956: checking whether the shell understands "+="
configure:6962: result: yes
configure:6997: checking how to convert i686-pc-cygwin file names to i686-pc-cygwin format
configure:7037: result: func_convert_file_noop
configure:7044: checking how to convert i686-pc-cygwin file names to toolchain format
configure:7064: result: func_convert_file_noop
configure:7071: checking for /usr/i686-pc-cygwin/bin/ld.exe option to reload object files
configure:7078: result: -r
configure:7152: checking for objdump
configure:7179: result: objdump
configure:7208: checking how to recognize dependent libraries
configure:7410: result: file_magic ^x86 archive import|^x86 DLL
configure:7495: checking for dlltool
configure:7522: result: dlltool
configure:7552: checking how to associate runtime and link libraries
configure:7579: result: func_cygming_dll_for_implib
configure:7639: checking for ar
configure:7655: found /usr/bin/ar
configure:7666: result: ar
configure:7703: checking for archiver @FILE support
configure:7720: gcc -c   conftest.c >&5
configure:7720: $? = 0
configure:7723: ar cru libconftest.a @conftest.lst >&5
configure:7726: $? = 0
configure:7731: ar cru libconftest.a @conftest.lst >&5
ar: conftest.o: No such file or directory
configure:7734: $? = 1
configure:7746: result: @
configure:7804: checking for strip
configure:7820: found /usr/bin/strip
configure:7831: result: strip
configure:7903: checking for ranlib
configure:7919: found /usr/bin/ranlib
configure:7930: result: ranlib
configure:8007: checking for gawk
configure:8023: found /usr/bin/gawk
configure:8034: result: gawk
configure:8074: checking command to parse /usr/bin/nm -B output from gcc object
configure:8194: gcc -c   conftest.c >&5
configure:8197: $? = 0
configure:8201: /usr/bin/nm -B conftest.o \| sed -n -e 's/^.*[ ]\([ABCDGIRSTW][ABCDGIRSTW]*\)[ ][ ]*\([_A-Za-z][_A-Za-z0-9]*\)$/\1 \2 \2/p' | sed '/ __gnu_lto/d' \> conftest.nm
configure:8204: $? = 0
cannot find nm_test_var in conftest.nm
configure:8194: gcc -c   conftest.c >&5
configure:8197: $? = 0
configure:8201: /usr/bin/nm -B conftest.o \| sed -n -e 's/^.*[ ]\([ABCDGIRSTW][ABCDGIRSTW]*\)[ ][ ]*_\([_A-Za-z][_A-Za-z0-9]*\)$/\1 _\2 \2/p' | sed '/ __gnu_lto/d' \> conftest.nm
configure:8204: $? = 0
configure:8270: gcc -o conftest.exe    conftest.c conftstm.o >&5
configure:8273: $? = 0
configure:8311: result: ok
configure:8348: checking for sysroot
configure:8378: result: no
configure:8634: checking for mt
configure:8664: result: no
configure:8684: checking if : is a manifest tool
configure:8690: : '-?'
configure:8698: result: no
configure:9337: checking for dlfcn.h
configure:9337: gcc -c   conftest.c >&5
configure:9337: $? = 0
configure:9337: result: yes
configure:9522: checking for objdir
configure:9537: result: .libs
configure:9808: checking if gcc supports -fno-rtti -fno-exceptions
configure:9826: gcc -c   -fno-rtti -fno-exceptions conftest.c >&5
cc1: warning: command line option "-fno-rtti" is valid for C++/ObjC++ but not for C
configure:9830: $? = 0
configure:9843: result: no
configure:10170: checking for gcc option to produce PIC
configure:10177: result: -DDLL_EXPORT -DPIC
configure:10185: checking if gcc PIC flag -DDLL_EXPORT -DPIC works
configure:10203: gcc -c   -DDLL_EXPORT -DPIC -DPIC conftest.c >&5
configure:10207: $? = 0
configure:10220: result: yes
configure:10249: checking if gcc static flag -static works
configure:10277: result: yes
configure:10292: checking if gcc supports -c -o file.o
configure:10313: gcc -c   -o out/conftest2.o conftest.c >&5
configure:10317: $? = 0
configure:10339: result: yes
configure:10347: checking if gcc supports -c -o file.o
configure:10394: result: yes
configure:10427: checking whether the gcc linker (/usr/i686-pc-cygwin/bin/ld.exe) supports shared libraries
configure:11580: result: yes
configure:11617: checking whether -lc should be explicitly linked in
configure:11625: gcc -c   conftest.c >&5
configure:11628: $? = 0
configure:11643: gcc -shared conftest.o  -v -o ./conftest -Wl,--enable-auto-image-base -Xlinker --out-implib -Xlinker conftest 2\>\&1 \| /usr/bin/grep  -lc  \>/dev/null 2\>\&1
configure:11646: $? = 1
configure:11660: result: yes
configure:11820: checking dynamic linker characteristics
configure:12553: result: Win32 ld.exe
configure:12660: checking how to hardcode library paths into programs
configure:12685: result: immediate
configure:13225: checking whether stripping libraries is possible
configure:13230: result: yes
configure:13265: checking if libtool supports shared libraries
configure:13267: result: yes
configure:13270: checking whether to build shared libraries
configure:13291: result: yes
configure:13294: checking whether to build static libraries
configure:13298: result: no
configure:13321: checking how to run the C++ preprocessor
configure:13348: g++ -E  conftest.cpp
configure:13348: $? = 0
configure:13362: g++ -E  conftest.cpp
conftest.cpp:24:28: fatal error: ac_nonexistent.h: No such file or directory
compilation terminated.
configure:13362: $? = 1
configure: failed program was:
| /* confdefs.h */
| #define PACKAGE_NAME "libbson"
| #define PACKAGE_TARNAME "libbson"
| #define PACKAGE_VERSION "0.6.9"
| #define PACKAGE_STRING "libbson 0.6.9"
| #define PACKAGE_BUGREPORT "https://github.com/mongodb/libbson/issues"
| #define PACKAGE_URL ""
| #define HAVE_TYPEOF 1
| #define STDC_HEADERS 1
| #define HAVE_SYS_TYPES_H 1
| #define HAVE_SYS_STAT_H 1
| #define HAVE_STDLIB_H 1
| #define HAVE_STRING_H 1
| #define HAVE_MEMORY_H 1
| #define HAVE_STRINGS_H 1
| #define HAVE_INTTYPES_H 1
| #define HAVE_STDINT_H 1
| #define HAVE_UNISTD_H 1
| #define HAVE__BOOL 1
| #define HAVE_STDBOOL_H 1
| #define HAVE_DLFCN_H 1
| #define LT_OBJDIR ".libs/"
| /* end confdefs.h.  */
| #include <ac_nonexistent.h>
configure:13387: result: g++ -E
configure:13407: g++ -E  conftest.cpp
configure:13407: $? = 0
configure:13421: g++ -E  conftest.cpp
conftest.cpp:24:28: fatal error: ac_nonexistent.h: No such file or directory
compilation terminated.
configure:13421: $? = 1
configure: failed program was:
| /* confdefs.h */
| #define PACKAGE_NAME "libbson"
| #define PACKAGE_TARNAME "libbson"
| #define PACKAGE_VERSION "0.6.9"
| #define PACKAGE_STRING "libbson 0.6.9"
| #define PACKAGE_BUGREPORT "https://github.com/mongodb/libbson/issues"
| #define PACKAGE_URL ""
| #define HAVE_TYPEOF 1
| #define STDC_HEADERS 1
| #define HAVE_SYS_TYPES_H 1
| #define HAVE_SYS_STAT_H 1
| #define HAVE_STDLIB_H 1
| #define HAVE_STRING_H 1
| #define HAVE_MEMORY_H 1
| #define HAVE_STRINGS_H 1
| #define HAVE_INTTYPES_H 1
| #define HAVE_STDINT_H 1
| #define HAVE_UNISTD_H 1
| #define HAVE__BOOL 1
| #define HAVE_STDBOOL_H 1
| #define HAVE_DLFCN_H 1
| #define LT_OBJDIR ".libs/"
| /* end confdefs.h.  */
| #include <ac_nonexistent.h>
configure:13590: checking for ld used by g++
configure:13657: result: /usr/i686-pc-cygwin/bin/ld.exe
configure:13664: checking if the linker (/usr/i686-pc-cygwin/bin/ld.exe) is GNU ld
configure:13679: result: yes
configure:13734: checking whether the g++ linker (/usr/i686-pc-cygwin/bin/ld.exe) supports shared libraries
configure:14739: result: yes
configure:14775: g++ -c   conftest.cpp >&5
configure:14778: $? = 0
configure:15298: checking for g++ option to produce PIC
configure:15305: result: -DDLL_EXPORT -DPIC
configure:15313: checking if g++ PIC flag -DDLL_EXPORT -DPIC works
configure:15331: g++ -c   -DDLL_EXPORT -DPIC -DPIC conftest.cpp >&5
configure:15335: $? = 0
configure:15348: result: yes
configure:15371: checking if g++ static flag -static works
configure:15399: result: yes
configure:15411: checking if g++ supports -c -o file.o
configure:15432: g++ -c   -o out/conftest2.o conftest.cpp >&5
configure:15436: $? = 0
configure:15458: result: yes
configure:15463: checking if g++ supports -c -o file.o
configure:15510: result: yes
configure:15540: checking whether the g++ linker (/usr/i686-pc-cygwin/bin/ld.exe) supports shared libraries
configure:15576: result: yes
configure:15717: checking dynamic linker characteristics
configure:16384: result: Win32 ld.exe
configure:16437: checking how to hardcode library paths into programs
configure:16462: result: immediate
configure:16531: checking whether to do a debug build
configure:16540: result: no
configure:16543: checking whether to enable optimized builds
configure:16558: result: yes
configure:16569: checking whether to enable code coverage support
configure:16578: result: no
configure:16581: checking whether to enable debug symbols
configure:16602: result: no
configure:16618: checking for strnlen
configure:16618: gcc -o conftest.exe    conftest.c  >&5
configure:16618: $? = 0
configure:16618: result: yes
configure:16628: checking for snprintf
configure:16628: gcc -o conftest.exe    conftest.c  >&5
conftest.c:47:6: warning: conflicting types for built-in function 'snprintf'
configure:16628: $? = 0
configure:16628: result: yes
configure:16638: checking for library containing clock_gettime
configure:16669: gcc -o conftest.exe    conftest.c  >&5
configure:16669: $? = 0
configure:16686: result: none required
configure:16868: checking for the pthreads library -lpthreads
configure:16906: gcc -o conftest.exe     conftest.c -lpthreads  >&5
/usr/lib/gcc/i686-pc-cygwin/4.5.3/../../../../i686-pc-cygwin/bin/ld: cannot find -lpthreads
collect2: ld returned 1 exit status
configure:16906: $? = 1
configure: failed program was:
| /* confdefs.h */
| #define PACKAGE_NAME "libbson"
| #define PACKAGE_TARNAME "libbson"
| #define PACKAGE_VERSION "0.6.9"
| #define PACKAGE_STRING "libbson 0.6.9"
| #define PACKAGE_BUGREPORT "https://github.com/mongodb/libbson/issues"
| #define PACKAGE_URL ""
| #define HAVE_TYPEOF 1
| #define STDC_HEADERS 1
| #define HAVE_SYS_TYPES_H 1
| #define HAVE_SYS_STAT_H 1
| #define HAVE_STDLIB_H 1
| #define HAVE_STRING_H 1
| #define HAVE_MEMORY_H 1
| #define HAVE_STRINGS_H 1
| #define HAVE_INTTYPES_H 1
| #define HAVE_STDINT_H 1
| #define HAVE_UNISTD_H 1
| #define HAVE__BOOL 1
| #define HAVE_STDBOOL_H 1
| #define HAVE_DLFCN_H 1
| #define LT_OBJDIR ".libs/"
| /* end confdefs.h.  */
| #include <pthread.h>
|                         static void routine(void *a) { a = 0; }
|                         static void *start_routine(void *a) { return a; }
| int
| main ()
| {
| pthread_t th; pthread_attr_t attr;
|                         pthread_create(&th, 0, start_routine, 0);
|                         pthread_join(th, 0);
|                         pthread_attr_init(&attr);
|                         pthread_cleanup_push(routine, 0);
|                         pthread_cleanup_pop(0) /* ; */
|   ;
|   return 0;
| }
configure:16915: result: no
configure:16813: checking whether pthreads work without any flags
configure:16906: gcc -o conftest.exe     conftest.c   >&5
configure:16906: $? = 0
configure:16915: result: yes
configure:16934: checking for joinable pthread attribute
configure:16949: gcc -o conftest.exe     conftest.c   >&5
configure:16949: $? = 0
configure:16955: result: PTHREAD_CREATE_JOINABLE
configure:16965: checking if more special flags are required for pthreads
configure:16979: result: no
configure:16985: checking for PTHREAD_PRIO_INHERIT
configure:17003: gcc -o conftest.exe     conftest.c   >&5
conftest.c: In function 'main':
conftest.c:29:9: error: 'PTHREAD_PRIO_INHERIT' undeclared (first use in this function)
conftest.c:29:9: note: each undeclared identifier is reported only once for each function it appears in
configure:17003: $? = 1
configure: failed program was:
| /* confdefs.h */
| #define PACKAGE_NAME "libbson"
| #define PACKAGE_TARNAME "libbson"
| #define PACKAGE_VERSION "0.6.9"
| #define PACKAGE_STRING "libbson 0.6.9"
| #define PACKAGE_BUGREPORT "https://github.com/mongodb/libbson/issues"
| #define PACKAGE_URL ""
| #define HAVE_TYPEOF 1
| #define STDC_HEADERS 1
| #define HAVE_SYS_TYPES_H 1
| #define HAVE_SYS_STAT_H 1
| #define HAVE_STDLIB_H 1
| #define HAVE_STRING_H 1
| #define HAVE_MEMORY_H 1
| #define HAVE_STRINGS_H 1
| #define HAVE_INTTYPES_H 1
| #define HAVE_STDINT_H 1
| #define HAVE_UNISTD_H 1
| #define HAVE__BOOL 1
| #define HAVE_STDBOOL_H 1
| #define HAVE_DLFCN_H 1
| #define LT_OBJDIR ".libs/"
| /* end confdefs.h.  */
| 
|                     #include <pthread.h>
| int
| main ()
| {
| int i = PTHREAD_PRIO_INHERIT;
|   ;
|   return 0;
| }
configure:17012: result: no
configure:17126: checking whether PTHREAD_ONCE_INIT needs braces
configure:17143: gcc -c   conftest.c >&5
configure:17143: $? = 0
configure:17150: result: no
configure:17165: checking for __sync_add_and_fetch_8
configure:17178: gcc -o conftest.exe    conftest.c  >&5
configure:17178: $? = 0
configure:17179: result: yes
configure:17237: checking whether C compiler accepts -fno-strict-overflow
configure:17256: ./scripts/wrap-compiler-for-flag-check gcc -c  -Werror  -fno-strict-overflow  conftest.c >&5
./configure: line 1621: ./scripts/wrap-compiler-for-flag-check: No such file or directory
configure:17256: $? = 127
configure: failed program was:
| /* confdefs.h */
| #define PACKAGE_NAME "libbson"
| #define PACKAGE_TARNAME "libbson"
| #define PACKAGE_VERSION "0.6.9"
| #define PACKAGE_STRING "libbson 0.6.9"
| #define PACKAGE_BUGREPORT "https://github.com/mongodb/libbson/issues"
| #define PACKAGE_URL ""
| #define HAVE_TYPEOF 1
| #define STDC_HEADERS 1
| #define HAVE_SYS_TYPES_H 1
| #define HAVE_SYS_STAT_H 1
| #define HAVE_STDLIB_H 1
| #define HAVE_STRING_H 1
| #define HAVE_MEMORY_H 1
| #define HAVE_STRINGS_H 1
| #define HAVE_INTTYPES_H 1
| #define HAVE_STDINT_H 1
| #define HAVE_UNISTD_H 1
| #define HAVE__BOOL 1
| #define HAVE_STDBOOL_H 1
| #define HAVE_DLFCN_H 1
| #define LT_OBJDIR ".libs/"
| #define HAVE_PTHREAD 1
| /* end confdefs.h.  */
| 
| int
| main ()
| {
| 
|   ;
|   return 0;
| }
configure:17264: result: no
configure:17332: checking whether C compiler accepts -D_FORTIFY_SOURCE=2
configure:17351: ./scripts/wrap-compiler-for-flag-check gcc -c  -Werror  -D_FORTIFY_SOURCE=2  conftest.c >&5
./configure: line 1621: ./scripts/wrap-compiler-for-flag-check: No such file or directory
configure:17351: $? = 127
configure: failed program was:
| /* confdefs.h */
| #define PACKAGE_NAME "libbson"
| #define PACKAGE_TARNAME "libbson"
| #define PACKAGE_VERSION "0.6.9"
| #define PACKAGE_STRING "libbson 0.6.9"
| #define PACKAGE_BUGREPORT "https://github.com/mongodb/libbson/issues"
| #define PACKAGE_URL ""
| #define HAVE_TYPEOF 1
| #define STDC_HEADERS 1
| #define HAVE_SYS_TYPES_H 1
| #define HAVE_SYS_STAT_H 1
| #define HAVE_STDLIB_H 1
| #define HAVE_STRING_H 1
| #define HAVE_MEMORY_H 1
| #define HAVE_STRINGS_H 1
| #define HAVE_INTTYPES_H 1
| #define HAVE_STDINT_H 1
| #define HAVE_UNISTD_H 1
| #define HAVE__BOOL 1
| #define HAVE_STDBOOL_H 1
| #define HAVE_DLFCN_H 1
| #define LT_OBJDIR ".libs/"
| #define HAVE_PTHREAD 1
| /* end confdefs.h.  */
| 
| int
| main ()
| {
| 
|   ;
|   return 0;
| }
configure:17359: result: no
configure:17426: checking whether C compiler accepts -fstack-protector-all
configure:17445: ./scripts/wrap-compiler-for-flag-check gcc -c  -Werror  -fstack-protector-all  conftest.c >&5
./configure: line 1621: ./scripts/wrap-compiler-for-flag-check: No such file or directory
configure:17445: $? = 127
configure: failed program was:
| /* confdefs.h */
| #define PACKAGE_NAME "libbson"
| #define PACKAGE_TARNAME "libbson"
| #define PACKAGE_VERSION "0.6.9"
| #define PACKAGE_STRING "libbson 0.6.9"
| #define PACKAGE_BUGREPORT "https://github.com/mongodb/libbson/issues"
| #define PACKAGE_URL ""
| #define HAVE_TYPEOF 1
| #define STDC_HEADERS 1
| #define HAVE_SYS_TYPES_H 1
| #define HAVE_SYS_STAT_H 1
| #define HAVE_STDLIB_H 1
| #define HAVE_STRING_H 1
| #define HAVE_MEMORY_H 1
| #define HAVE_STRINGS_H 1
| #define HAVE_INTTYPES_H 1
| #define HAVE_STDINT_H 1
| #define HAVE_UNISTD_H 1
| #define HAVE__BOOL 1
| #define HAVE_STDBOOL_H 1
| #define HAVE_DLFCN_H 1
| #define LT_OBJDIR ".libs/"
| #define HAVE_PTHREAD 1
| /* end confdefs.h.  */
| 
| int
| main ()
| {
| 
|   ;
|   return 0;
| }
configure:17453: result: no
configure:17744: checking whether C compiler accepts -fPIE
configure:17763: ./scripts/wrap-compiler-for-flag-check gcc -c  -Werror  -fPIE  conftest.c >&5
./configure: line 1621: ./scripts/wrap-compiler-for-flag-check: No such file or directory
configure:17763: $? = 127
configure: failed program was:
| /* confdefs.h */
| #define PACKAGE_NAME "libbson"
| #define PACKAGE_TARNAME "libbson"
| #define PACKAGE_VERSION "0.6.9"
| #define PACKAGE_STRING "libbson 0.6.9"
| #define PACKAGE_BUGREPORT "https://github.com/mongodb/libbson/issues"
| #define PACKAGE_URL ""
| #define HAVE_TYPEOF 1
| #define STDC_HEADERS 1
| #define HAVE_SYS_TYPES_H 1
| #define HAVE_SYS_STAT_H 1
| #define HAVE_STDLIB_H 1
| #define HAVE_STRING_H 1
| #define HAVE_MEMORY_H 1
| #define HAVE_STRINGS_H 1
| #define HAVE_INTTYPES_H 1
| #define HAVE_STDINT_H 1
| #define HAVE_UNISTD_H 1
| #define HAVE__BOOL 1
| #define HAVE_STDBOOL_H 1
| #define HAVE_DLFCN_H 1
| #define LT_OBJDIR ".libs/"
| #define HAVE_PTHREAD 1
| /* end confdefs.h.  */
| 
| int
| main ()
| {
| 
|   ;
|   return 0;
| }
configure:17771: result: no
configure:17904: checking whether the linker accepts -Wl,-z,relro
configure:17923: ./scripts/wrap-compiler-for-flag-check gcc -o conftest.exe    -Werror  -Wl,-z,relro conftest.c  >&5
./configure: line 1861: ./scripts/wrap-compiler-for-flag-check: No such file or directory
configure:17923: $? = 127
configure: failed program was:
| /* confdefs.h */
| #define PACKAGE_NAME "libbson"
| #define PACKAGE_TARNAME "libbson"
| #define PACKAGE_VERSION "0.6.9"
| #define PACKAGE_STRING "libbson 0.6.9"
| #define PACKAGE_BUGREPORT "https://github.com/mongodb/libbson/issues"
| #define PACKAGE_URL ""
| #define HAVE_TYPEOF 1
| #define STDC_HEADERS 1
| #define HAVE_SYS_TYPES_H 1
| #define HAVE_SYS_STAT_H 1
| #define HAVE_STDLIB_H 1
| #define HAVE_STRING_H 1
| #define HAVE_MEMORY_H 1
| #define HAVE_STRINGS_H 1
| #define HAVE_INTTYPES_H 1
| #define HAVE_STDINT_H 1
| #define HAVE_UNISTD_H 1
| #define HAVE__BOOL 1
| #define HAVE_STDBOOL_H 1
| #define HAVE_DLFCN_H 1
| #define LT_OBJDIR ".libs/"
| #define HAVE_PTHREAD 1
| /* end confdefs.h.  */
| 
| int
| main ()
| {
| 
|   ;
|   return 0;
| }
configure:17932: result: no
configure:19855: checking whether the linker accepts -Wl,-Bsymbolic
configure:19874: gcc -o conftest.exe    -Werror  -Wl,-Bsymbolic conftest.c  >&5
configure:19874: $? = 0
configure:19883: result: yes
configure:20244: checking whether build environment is sane
configure:20281: result: yes
configure:20408: checking for a thread-safe mkdir -p
configure:20447: result: /usr/bin/mkdir -p
configure:20456: checking whether make sets $(MAKE)
configure:20478: result: yes
configure:20508: checking for style of include used by make
configure:20536: result: GNU
configure:20615: checking how to create a ustar tar archive
configure:20628: tar --version
tar (GNU tar) 1.26
Packaged by Cygwin (1.26-1)
Copyright (C) 2011 Free Software Foundation, Inc.
License GPLv3+: GNU GPL version 3 or later <http://gnu.org/licenses/gpl.html>.
This is free software: you are free to change and redistribute it.
There is NO WARRANTY, to the extent permitted by law.

Written by John Gilmore and Jay Fenlason.
configure:20631: $? = 0
configure:20671: tardir=conftest.dir && eval tar --format=ustar -chf - "$tardir" >conftest.tar
configure:20674: $? = 0
configure:20678: tar -xf - <conftest.tar
configure:20681: $? = 0
configure:20694: result: gnutar
configure:20702: checking dependency style of gcc
configure:20812: result: gcc3
configure:20829: checking dependency style of g++
configure:20939: result: gcc3
configure:20955: checking whether to enable maintainer-specific portions of Makefiles
configure:20964: result: no
configure:20979: checking whether gcc and cc understand -c and -o together
configure:21010: gcc -c conftest.c -o conftest2.o >&5
configure:21014: $? = 0
configure:21020: gcc -c conftest.c -o conftest2.o >&5
configure:21024: $? = 0
configure:21035: cc -c conftest.c >&5
configure:21039: $? = 0
configure:21047: cc -c conftest.c -o conftest2.o >&5
configure:21051: $? = 0
configure:21057: cc -c conftest.c -o conftest2.o >&5
configure:21061: $? = 0
configure:21079: result: yes
configure:21458: creating ./config.status

## ---------------------- ##
## Running config.status. ##
## ---------------------- ##

This file was extended by libbson config.status 0.6.9, which was
generated by GNU Autoconf 2.69.  Invocation command line was

  CONFIG_FILES    = 
  CONFIG_HEADERS  = 
  CONFIG_LINKS    = 
  CONFIG_COMMANDS = 
  $ ./config.status 

on woopengcheng

config.status:1153: creating Makefile
config.status:1153: creating src/libbson-1.0.pc
config.status:1153: creating src/bson/bson-config.h
config.status:1153: creating src/bson/bson-version.h
config.status:1325: executing libtool commands
config.status:1325: executing depfiles commands

## ---------------- ##
## Cache variables. ##
## ---------------- ##

ac_cv_build=i686-pc-cygwin
ac_cv_c_bigendian=no
ac_cv_c_compiler_gnu=yes
ac_cv_c_const=yes
ac_cv_c_inline=inline
ac_cv_c_typeof=typeof
ac_cv_cxx_compiler_gnu=yes
ac_cv_env_ASCIIDOC_set=
ac_cv_env_ASCIIDOC_value=
ac_cv_env_CCC_set=
ac_cv_env_CCC_value=
ac_cv_env_CC_set=
ac_cv_env_CC_value=
ac_cv_env_CFLAGS_set=
ac_cv_env_CFLAGS_value=
ac_cv_env_CPPFLAGS_set=
ac_cv_env_CPPFLAGS_value=
ac_cv_env_CPP_set=
ac_cv_env_CPP_value=
ac_cv_env_CXXCPP_set=
ac_cv_env_CXXCPP_value=
ac_cv_env_CXXFLAGS_set=
ac_cv_env_CXXFLAGS_value=
ac_cv_env_CXX_set=
ac_cv_env_CXX_value=
ac_cv_env_LDFLAGS_set=
ac_cv_env_LDFLAGS_value=
ac_cv_env_LIBS_set=
ac_cv_env_LIBS_value=
ac_cv_env_XMLTO_set=
ac_cv_env_XMLTO_value=
ac_cv_env_build_alias_set=
ac_cv_env_build_alias_value=
ac_cv_env_host_alias_set=
ac_cv_env_host_alias_value=
ac_cv_env_target_alias_set=
ac_cv_env_target_alias_value=
ac_cv_exeext=.exe
ac_cv_func_snprintf=yes
ac_cv_func_strnlen=yes
ac_cv_header_dlfcn_h=yes
ac_cv_header_inttypes_h=yes
ac_cv_header_memory_h=yes
ac_cv_header_stdbool_h=yes
ac_cv_header_stdc=yes
ac_cv_header_stdint=stdint.h
ac_cv_header_stdint_h=yes
ac_cv_header_stdint_o=no-file
ac_cv_header_stdint_test=no
ac_cv_header_stdint_u=no-file
ac_cv_header_stdint_x=stdint.h
ac_cv_header_stdlib_h=yes
ac_cv_header_string_h=yes
ac_cv_header_strings_h=yes
ac_cv_header_sys_stat_h=yes
ac_cv_header_sys_types_h=yes
ac_cv_header_unistd_h=yes
ac_cv_host=i686-pc-cygwin
ac_cv_objext=o
ac_cv_path_EGREP='/usr/bin/grep -E'
ac_cv_path_FGREP='/usr/bin/grep -F'
ac_cv_path_GREP=/usr/bin/grep
ac_cv_path_MV=/usr/bin/mv
ac_cv_path_PERL=/usr/bin/perl
ac_cv_path_SED=/usr/bin/sed
ac_cv_path_install='/usr/bin/install -c'
ac_cv_path_mkdir=/usr/bin/mkdir
ac_cv_prog_AWK=gawk
ac_cv_prog_CPP='gcc -E'
ac_cv_prog_CXXCPP='g++ -E'
ac_cv_prog_ac_ct_AR=ar
ac_cv_prog_ac_ct_AS=as
ac_cv_prog_ac_ct_CC=gcc
ac_cv_prog_ac_ct_CXX=g++
ac_cv_prog_ac_ct_DLLTOOL=dlltool
ac_cv_prog_ac_ct_OBJDUMP=objdump
ac_cv_prog_ac_ct_RANLIB=ranlib
ac_cv_prog_ac_ct_STRIP=strip
ac_cv_prog_bson_have_asciidoc=no
ac_cv_prog_bson_have_xmlto=no
ac_cv_prog_cc_c89=
ac_cv_prog_cc_g=yes
ac_cv_prog_cc_gcc_c_o=yes
ac_cv_prog_cxx_g=yes
ac_cv_prog_make_make_set=yes
ac_cv_search_clock_gettime='none required'
ac_cv_sizeof_X=::::
ac_cv_sizeof_x=:
ac_cv_target=i686-pc-cygwin
ac_cv_type__Bool=yes
ac_cv_type_int_fast32_t=yes
ac_cv_type_int_least32_t=yes
ac_cv_type_uint64_t=yes
ac_cv_type_uintptr_t=yes
am_cv_CC_dependencies_compiler_type=gcc3
am_cv_CXX_dependencies_compiler_type=gcc3
am_cv_prog_tar_ustar=gnutar
ax_cv_PTHREAD_PRIO_INHERIT=no
ax_cv_check_cflags__Werror___D_FORTIFY_SOURCE_2=no
ax_cv_check_cflags__Werror___fPIE=no
ax_cv_check_cflags__Werror___fno_strict_overflow=no
ax_cv_check_cflags__Werror___fstack_protector_all=no
ax_cv_check_ldflags__Werror___Wl__Bsymbolic=yes
ax_cv_check_ldflags__Werror___Wl__z_relro=no
bson_cv_need_braces_on_pthread_once_init=no
lt_cv_ar_at_file=@
lt_cv_archive_cmds_need_lc=yes
lt_cv_deplibs_check_method='file_magic ^x86 archive import|^x86 DLL'
lt_cv_file_magic_cmd=func_win32_libid
lt_cv_file_magic_test_file=
lt_cv_ld_reload_flag=-r
lt_cv_nm_interface='BSD nm'
lt_cv_objdir=.libs
lt_cv_path_LD=/usr/i686-pc-cygwin/bin/ld.exe
lt_cv_path_LDCXX=/usr/i686-pc-cygwin/bin/ld.exe
lt_cv_path_NM='/usr/bin/nm -B'
lt_cv_path_mainfest_tool=no
lt_cv_prog_compiler_c_o=yes
lt_cv_prog_compiler_c_o_CXX=yes
lt_cv_prog_compiler_pic='-DDLL_EXPORT -DPIC'
lt_cv_prog_compiler_pic_CXX='-DDLL_EXPORT -DPIC'
lt_cv_prog_compiler_pic_works=yes
lt_cv_prog_compiler_pic_works_CXX=yes
lt_cv_prog_compiler_rtti_exceptions=no
lt_cv_prog_compiler_static_works=yes
lt_cv_prog_compiler_static_works_CXX=yes
lt_cv_prog_gnu_ld=yes
lt_cv_prog_gnu_ldcxx=yes
lt_cv_sharedlib_from_linklib_cmd=func_cygming_dll_for_implib
lt_cv_sys_global_symbol_pipe='sed -n -e '\''s/^.*[	 ]\([ABCDGIRSTW][ABCDGIRSTW]*\)[	 ][	 ]*_\([_A-Za-z][_A-Za-z0-9]*\)$/\1 _\2 \2/p'\'' | sed '\''/ __gnu_lto/d'\'''
lt_cv_sys_global_symbol_to_c_name_address='sed -n -e '\''s/^: \([^ ]*\)[ ]*$/  {\"\1\", (void *) 0},/p'\'' -e '\''s/^[ABCDGIRSTW]* \([^ ]*\) \([^ ]*\)$/  {"\2", (void *) \&\2},/p'\'''
lt_cv_sys_global_symbol_to_c_name_address_lib_prefix='sed -n -e '\''s/^: \([^ ]*\)[ ]*$/  {\"\1\", (void *) 0},/p'\'' -e '\''s/^[ABCDGIRSTW]* \([^ ]*\) \(lib[^ ]*\)$/  {"\2", (void *) \&\2},/p'\'' -e '\''s/^[ABCDGIRSTW]* \([^ ]*\) \([^ ]*\)$/  {"lib\2", (void *) \&\2},/p'\'''
lt_cv_sys_global_symbol_to_cdecl='sed -n -e '\''s/^T .* \(.*\)$/extern int \1();/p'\'' -e '\''s/^[ABCDGIRSTW]* .* \(.*\)$/extern char \1;/p'\'''
lt_cv_sys_max_cmd_len=8192
lt_cv_to_host_file_cmd=func_convert_file_noop
lt_cv_to_tool_file_cmd=func_convert_file_noop

## ----------------- ##
## Output variables. ##
## ----------------- ##

ACLOCAL='${SHELL} /cygdrive/d/Subversion/LibCore.git/trunk/deps/Libbson/build/autotools/missing --run aclocal-1.10'
ACLOCAL_AMFLAGS='-I build/autotools'
AMDEPBACKSLASH='\'
AMDEP_FALSE='#'
AMDEP_TRUE=''
AMTAR='${SHELL} /cygdrive/d/Subversion/LibCore.git/trunk/deps/Libbson/build/autotools/missing --run tar'
AR='ar'
AS='as'
ASCIIDOC=''
AUTOCONF='${SHELL} /cygdrive/d/Subversion/LibCore.git/trunk/deps/Libbson/build/autotools/missing --run autoconf'
AUTOHEADER='${SHELL} /cygdrive/d/Subversion/LibCore.git/trunk/deps/Libbson/build/autotools/missing --run autoheader'
AUTOMAKE='${SHELL} /cygdrive/d/Subversion/LibCore.git/trunk/deps/Libbson/build/autotools/missing --run automake-1.10'
AWK='gawk'
BSON_API_VERSION='1.0'
BSON_BYTE_ORDER='1234'
BSON_HAVE_ATOMIC_64_ADD_AND_FETCH='1'
BSON_HAVE_CLOCK_GETTIME='1'
BSON_HAVE_SNPRINTF='1'
BSON_HAVE_STDBOOL_H='1'
BSON_HAVE_STRNLEN='1'
BSON_MAJOR_VERSION='0'
BSON_MICRO_VERSION='9'
BSON_MINOR_VERSION='6'
BSON_OS='2'
BSON_PTHREAD_ONCE_INIT_NEEDS_BRACES='0'
BSON_VERSION='0.6.9'
BUILD_DOC_FALSE=''
BUILD_DOC_TRUE='#'
CAN_ABI_CHECK_FALSE=''
CAN_ABI_CHECK_TRUE='#'
CC='gcc'
CCDEPMODE='depmode=gcc3'
CFLAGS=' -O2 -D_FORTIFY_SOURCE=2'
COMPILER_CLANG_FALSE=''
COMPILER_CLANG_TRUE='#'
COMPILER_GCC_FALSE=''
COMPILER_GCC_TRUE='#'
CPP='gcc -E'
CPPFLAGS=''
CXX='g++'
CXXCPP='g++ -E'
CXXDEPMODE='depmode=gcc3'
CXXFLAGS=''
CYGPATH_W='cygpath -w'
DEFS='-DPACKAGE_NAME=\"libbson\" -DPACKAGE_TARNAME=\"libbson\" -DPACKAGE_VERSION=\"0.6.9\" -DPACKAGE_STRING=\"libbson\ 0.6.9\" -DPACKAGE_BUGREPORT=\"https://github.com/mongodb/libbson/issues\" -DPACKAGE_URL=\"\" -DHAVE_TYPEOF=1 -DSTDC_HEADERS=1 -DHAVE_SYS_TYPES_H=1 -DHAVE_SYS_STAT_H=1 -DHAVE_STDLIB_H=1 -DHAVE_STRING_H=1 -DHAVE_MEMORY_H=1 -DHAVE_STRINGS_H=1 -DHAVE_INTTYPES_H=1 -DHAVE_STDINT_H=1 -DHAVE_UNISTD_H=1 -DHAVE__BOOL=1 -DHAVE_STDBOOL_H=1 -DHAVE_DLFCN_H=1 -DLT_OBJDIR=\".libs/\" -DHAVE_PTHREAD=1 -DPACKAGE=\"libbson\" -DVERSION=\"0.6.9\"'
DEPDIR='.deps'
DLLTOOL='dlltool'
DSYMUTIL=''
DUMPBIN=''
ECHO_C=''
ECHO_N='-n'
ECHO_T=''
EGREP='/usr/bin/grep -E'
ENABLE_DEBUG_FALSE=''
ENABLE_DEBUG_TRUE='#'
ENABLE_PTHREADS_FALSE=''
ENABLE_PTHREADS_TRUE='#'
ENABLE_PYTHON_FALSE=''
ENABLE_PYTHON_TRUE='#'
ENABLE_STDBOOL_FALSE=''
ENABLE_STDBOOL_TRUE='#'
EXEEXT='.exe'
FGREP='/usr/bin/grep -F'
GREP='/usr/bin/grep'
HARDEN_CFLAGS=''
HARDEN_LDFLAGS=''
INSTALL_DATA='${INSTALL} -m 644'
INSTALL_MAN_FALSE=''
INSTALL_MAN_TRUE='#'
INSTALL_PROGRAM='${INSTALL}'
INSTALL_SCRIPT='${INSTALL}'
INSTALL_STRIP_PROGRAM='$(install_sh) -c -s'
LD='/usr/i686-pc-cygwin/bin/ld.exe'
LDFLAGS=''
LIBC_FEATURES='-D_BSD_SOURCE'
LIBOBJS=''
LIBS=''
LIBTOOL='$(SHELL) $(top_builddir)/libtool'
LIPO=''
LN_S='ln -s'
LTLIBOBJS=''
MAINT='#'
MAINTAINER_CFLAGS=''
MAINTAINER_MODE_FALSE=''
MAINTAINER_MODE_TRUE='#'
MAKEINFO='${SHELL} /cygdrive/d/Subversion/LibCore.git/trunk/deps/Libbson/build/autotools/missing --run makeinfo'
MANIFEST_TOOL=':'
MKDIR_P='/usr/bin/mkdir -p'
MV='/usr/bin/mv'
NM='/usr/bin/nm -B'
NMEDIT=''
OBJDUMP='objdump'
OBJEXT='o'
OPTIMIZE_CFLAGS=''
OPTIMIZE_LDFLAGS=' -Wl,-Bsymbolic'
OS_DARWIN_FALSE=''
OS_DARWIN_TRUE='#'
OS_FREEBSD_FALSE=''
OS_FREEBSD_TRUE='#'
OS_GNU_FALSE=''
OS_GNU_TRUE='#'
OS_LINUX_FALSE=''
OS_LINUX_TRUE='#'
OS_UNIX_FALSE=''
OS_UNIX_TRUE='#'
OS_WIN32_FALSE='#'
OS_WIN32_TRUE=''
OTOOL64=''
OTOOL=''
PACKAGE='libbson'
PACKAGE_BUGREPORT='https://github.com/mongodb/libbson/issues'
PACKAGE_NAME='libbson'
PACKAGE_STRING='libbson 0.6.9'
PACKAGE_TARNAME='libbson'
PACKAGE_URL=''
PACKAGE_VERSION='0.6.9'
PATH_SEPARATOR=':'
PERL='/usr/bin/perl'
PTHREAD_CC='gcc'
PTHREAD_CFLAGS=''
PTHREAD_LIBS=''
PYTHON_BIN=''
PYTHON_INCLUDE_DIR=''
PYTHON_LIB=''
RANLIB='ranlib'
SED='/usr/bin/sed'
SET_MAKE=''
SHELL='/bin/sh'
STRIP='strip'
VERSION='0.6.9'
XMLTO=''
ac_ct_AR='ar'
ac_ct_CC='gcc'
ac_ct_CXX='g++'
ac_ct_DUMPBIN=''
am__fastdepCC_FALSE='#'
am__fastdepCC_TRUE=''
am__fastdepCXX_FALSE='#'
am__fastdepCXX_TRUE=''
am__include='include'
am__isrc=''
am__leading_dot='.'
am__quote=''
am__tar='tar --format=ustar -chf - "$$tardir"'
am__untar='tar -xf -'
ax_pthread_config=''
bindir='${exec_prefix}/bin'
bson_have_asciidoc='no'
bson_have_xmlto='no'
build='i686-pc-cygwin'
build_alias=''
build_cpu='i686'
build_os='cygwin'
build_vendor='pc'
datadir='${datarootdir}'
datarootdir='${prefix}/share'
docdir='${datarootdir}/doc/${PACKAGE_TARNAME}'
dvidir='${docdir}'
exec_prefix='${prefix}'
host='i686-pc-cygwin'
host_alias=''
host_cpu='i686'
host_os='cygwin'
host_vendor='pc'
htmldir='${docdir}'
includedir='${prefix}/include'
infodir='${datarootdir}/info'
install_sh='$(SHELL) /cygdrive/d/Subversion/LibCore.git/trunk/deps/Libbson/build/autotools/install-sh'
libdir='${exec_prefix}/lib'
libexecdir='${exec_prefix}/libexec'
localedir='${datarootdir}/locale'
localstatedir='${prefix}/var'
mandir='${datarootdir}/man'
mkdir_p='/usr/bin/mkdir -p'
oldincludedir='/usr/include'
pdfdir='${docdir}'
prefix='/usr/local'
program_transform_name='s,x,x,'
psdir='${docdir}'
sbindir='${exec_prefix}/sbin'
sharedstatedir='${prefix}/com'
sysconfdir='${prefix}/etc'
target='i686-pc-cygwin'
target_alias=''
target_cpu='i686'
target_os='cygwin'
target_vendor='pc'

## ----------- ##
## confdefs.h. ##
## ----------- ##

/* confdefs.h */
#define PACKAGE_NAME "libbson"
#define PACKAGE_TARNAME "libbson"
#define PACKAGE_VERSION "0.6.9"
#define PACKAGE_STRING "libbson 0.6.9"
#define PACKAGE_BUGREPORT "https://github.com/mongodb/libbson/issues"
#define PACKAGE_URL ""
#define HAVE_TYPEOF 1
#define STDC_HEADERS 1
#define HAVE_SYS_TYPES_H 1
#define HAVE_SYS_STAT_H 1
#define HAVE_STDLIB_H 1
#define HAVE_STRING_H 1
#define HAVE_MEMORY_H 1
#define HAVE_STRINGS_H 1
#define HAVE_INTTYPES_H 1
#define HAVE_STDINT_H 1
#define HAVE_UNISTD_H 1
#define HAVE__BOOL 1
#define HAVE_STDBOOL_H 1
#define HAVE_DLFCN_H 1
#define LT_OBJDIR ".libs/"
#define HAVE_PTHREAD 1
#define PACKAGE "libbson"
#define VERSION "0.6.9"

configure: exit 0
